<?xml version="1.0" encoding="UTF-8"?>
<testng-results skipped="0" failed="0" total="3" passed="3">
  <reporter-output>
  </reporter-output>
  <suite name="Default suite" duration-ms="43078" started-at="2020-05-09T17:08:58Z" finished-at="2020-05-09T17:09:41Z">
    <groups>
    </groups>
    <test name="Default test" duration-ms="43078" started-at="2020-05-09T17:08:58Z" finished-at="2020-05-09T17:09:41Z">
      <class name="webdriver.Topic_01_SetupEnvironment">
        <test-method status="PASS" signature="beforeClass()[pri:0, instance:webdriver.Topic_01_SetupEnvironment@64c64813]" name="beforeClass" is-config="true" duration-ms="38469" started-at="2020-05-10T00:08:58Z" finished-at="2020-05-10T00:09:36Z">
          <reporter-output>
          </reporter-output>
        </test-method> <!-- beforeClass -->
        <test-method status="PASS" signature="TC_01_ValidateCurrentUrl()[pri:0, instance:webdriver.Topic_01_SetupEnvironment@64c64813]" name="TC_01_ValidateCurrentUrl" duration-ms="496" started-at="2020-05-10T00:09:36Z" finished-at="2020-05-10T00:09:37Z">
          <reporter-output>
          </reporter-output>
        </test-method> <!-- TC_01_ValidateCurrentUrl -->
        <test-method status="PASS" signature="TC_02_ValidatePageTitle()[pri:0, instance:webdriver.Topic_01_SetupEnvironment@64c64813]" name="TC_02_ValidatePageTitle" duration-ms="584" started-at="2020-05-10T00:09:37Z" finished-at="2020-05-10T00:09:37Z">
          <reporter-output>
          </reporter-output>
        </test-method> <!-- TC_02_ValidatePageTitle -->
        <test-method status="PASS" signature="TC_03_LoginFormDisplayed()[pri:0, instance:webdriver.Topic_01_SetupEnvironment@64c64813]" name="TC_03_LoginFormDisplayed" duration-ms="821" started-at="2020-05-10T00:09:37Z" finished-at="2020-05-10T00:09:38Z">
          <reporter-output>
          </reporter-output>
        </test-method> <!-- TC_03_LoginFormDisplayed -->
        <test-method status="PASS" signature="afterClass()[pri:0, instance:webdriver.Topic_01_SetupEnvironment@64c64813]" name="afterClass" is-config="true" duration-ms="2572" started-at="2020-05-10T00:09:38Z" finished-at="2020-05-10T00:09:41Z">
          <reporter-output>
          </reporter-output>
        </test-method> <!-- afterClass -->
      </class> <!-- webdriver.Topic_01_SetupEnvironment -->
    </test> <!-- Default test -->
  </suite> <!-- Default suite -->
</testng-results>
