<?xml version="1.0" encoding="UTF-8"?>
<testng-results skipped="0" failed="0" total="1" passed="1">
  <reporter-output>
  </reporter-output>
  <suite name="Default suite" duration-ms="16082" started-at="2020-06-10T16:10:21Z" finished-at="2020-06-10T16:10:37Z">
    <groups>
    </groups>
    <test name="Default test" duration-ms="16082" started-at="2020-06-10T16:10:21Z" finished-at="2020-06-10T16:10:37Z">
      <class name="TextBox_TextArea.BT01">
        <test-method status="PASS" signature="beforeClass()[pri:0, instance:TextBox_TextArea.BT01@7006c658]" name="beforeClass" is-config="true" duration-ms="11811" started-at="2020-06-10T23:10:21Z" finished-at="2020-06-10T23:10:33Z">
          <reporter-output>
          </reporter-output>
        </test-method> <!-- beforeClass -->
        <test-method status="PASS" signature="BT01()[pri:0, instance:TextBox_TextArea.BT01@7006c658]" name="BT01" duration-ms="4101" started-at="2020-06-10T23:10:33Z" finished-at="2020-06-10T23:10:37Z">
          <reporter-output>
          </reporter-output>
        </test-method> <!-- BT01 -->
        <test-method status="PASS" signature="afterClass()[pri:0, instance:TextBox_TextArea.BT01@7006c658]" name="afterClass" is-config="true" duration-ms="157" started-at="2020-06-10T23:10:37Z" finished-at="2020-06-10T23:10:37Z">
          <reporter-output>
          </reporter-output>
        </test-method> <!-- afterClass -->
      </class> <!-- TextBox_TextArea.BT01 -->
    </test> <!-- Default test -->
  </suite> <!-- Default suite -->
</testng-results>
