<?xml version="1.0" encoding="UTF-8"?>
<!-- Generated by org.testng.reporters.JUnitXMLReporter -->
<testsuite hostname="DESKTOP-FK9BEE2" name="Default test" tests="3" failures="0" timestamp="9 May 2020 17:09:41 GMT" time="43.078" errors="0">
  <testcase name="TC_01_ValidateCurrentUrl" time="0.496" classname="webdriver.Topic_01_SetupEnvironment"/>
  <testcase name="TC_02_ValidatePageTitle" time="0.584" classname="webdriver.Topic_01_SetupEnvironment"/>
  <testcase name="TC_03_LoginFormDisplayed" time="0.821" classname="webdriver.Topic_01_SetupEnvironment"/>
</testsuite> <!-- Default test -->
